<?xml version="1.0" encoding="UTF-8"?>
<!-- Generated by org.testng.reporters.JUnitReportReporter -->
<testsuite hostname="Aniket" failures="0" tests="3" name="testNgPack.TestNgSanity" time="117.833" errors="0" timestamp="2023-03-29T19:18:48 IST" skipped="0">
  <testcase classname="testNgPack.TestNgSanity" name="verifyScrollingOperation" time="46.267"/>
  <system-out/>
  <testcase classname="testNgPack.TestNgSanity" name="verifyScrollingOperation" time="33.102"/>
  <system-out/>
  <testcase classname="testNgPack.TestNgSanity" name="verifyScrollingOperation" time="38.464"/>
  <system-out/>
</testsuite> <!-- testNgPack.TestNgSanity -->
