<?xml version="1.0" encoding="UTF-8"?>
<!-- Generated by org.testng.reporters.JUnitReportReporter -->
<testsuite hostname="Aniket" failures="0" tests="1" name="testNgPack.TestNg1" time="98.147" errors="0" timestamp="2023-03-22T16:19:02 IST" skipped="0">
  <testcase classname="testNgPack.TestNg1" name="verifyImageFunctionalityofSelectedItem" time="98.147"/>
  <system-out/>
</testsuite> <!-- testNgPack.TestNg1 -->
