<?xml version="1.0" encoding="UTF-8"?>
<!-- Generated by org.testng.reporters.JUnitReportReporter -->
<testsuite hostname="Aniket" failures="0" tests="1" name="testNgPack.TestNg" time="0.011" errors="0" timestamp="2023-03-13T18:40:54 IST" skipped="0">
  <testcase classname="testNgPack.TestNg" name="test" time="0.011"/>
  <system-out/>
</testsuite> <!-- testNgPack.TestNg -->
