<?xml version="1.0" encoding="UTF-8"?>
<!-- Generated by org.testng.reporters.JUnitReportReporter -->
<testsuite hostname="Aniket" failures="0" tests="2" name="testNgPack.TestNg2" time="138.409" errors="0" timestamp="2023-03-22T16:19:02 IST" skipped="0">
  <testcase classname="testNgPack.TestNg2" name="verifyAddtoCartFunctionality" time="115.028"/>
  <system-out/>
  <testcase classname="testNgPack.TestNg2" name="verifyGoToCartFunctionality" time="23.381"/>
  <system-out/>
</testsuite> <!-- testNgPack.TestNg2 -->
