<?xml version="1.0" encoding="UTF-8"?>
<!-- Generated by org.testng.reporters.JUnitReportReporter -->
<testsuite hostname="Aniket" failures="0" tests="3" name="testNgPack.TestNg3" time="73.962" errors="0" timestamp="2023-03-22T16:19:02 IST" skipped="0">
  <testcase classname="testNgPack.TestNg3" name="testPass" time="38.718"/>
  <system-out/>
  <testcase classname="testNgPack.TestNg3" name="verifyQtyDropDown" time="18.392"/>
  <system-out/>
  <testcase classname="testNgPack.TestNg3" name="verifyProceedToBuyFunctionality" time="16.852"/>
  <system-out/>
</testsuite> <!-- testNgPack.TestNg3 -->
